<?xml version="1.0" encoding="UTF-8"?>
<!-- Generated by org.testng.reporters.JUnitReportReporter -->
<testsuite hostname="FFE-Gangineni-Lokesh" failures="0" tests="1" name="Testcases.CreateCampaginTest" time="6.287" errors="0" timestamp="2025-08-14T10:36:43 IST" skipped="0">
  <testcase classname="Testcases.CreateCampaginTest" name="createCampaginTest" time="6.287"/>
</testsuite> <!-- Testcases.CreateCampaginTest -->
