<?xml version="1.0" encoding="UTF-8"?>
<!-- Generated by org.testng.reporters.JUnitReportReporter -->
<testsuite hostname="FFE-Gangineni-Lokesh" failures="0" tests="1" name="Practice.TestNGPractice" time="0.010" errors="0" timestamp="2025-08-14T10:32:22 IST" skipped="0">
  <testcase classname="Practice.TestNGPractice" name="sampleTest" time="0.010"/>
</testsuite> <!-- Practice.TestNGPractice -->
