<?xml version="1.0" encoding="UTF-8"?>
<!-- Generated by org.testng.reporters.JUnitReportReporter -->
<testsuite hostname="FFE-Gangineni-Lokesh" failures="0" tests="1" name="Practice.Test.ReadDataFromCmdLine" time="0.022" errors="0" timestamp="2025-08-22T12:42:47 IST" skipped="0">
  <testcase classname="Practice.Test.ReadDataFromCmdLine" name="checking" time="0.022"/>
</testsuite> <!-- Practice.Test.ReadDataFromCmdLine -->
