<?xml version="1.0" encoding="UTF-8"?>
<!-- Generated by org.testng.reporters.JUnitReportReporter -->
<testsuite hostname="FFE-Gangineni-Lokesh" failures="0" tests="4" name="Practice.DataProviderTestNG" time="0.016" errors="0" timestamp="2025-08-18T12:45:48 IST" skipped="0">
  <testcase classname="Practice.DataProviderTestNG" name="checkingDataProvider" time="0.001"/>
  <testcase classname="Practice.DataProviderTestNG" name="checkingDataProvider" time="0.013"/>
  <testcase classname="Practice.DataProviderTestNG" name="checkingDataProvider" time="0.001"/>
  <testcase classname="Practice.DataProviderTestNG" name="checkingDataProvider" time="0.001"/>
</testsuite> <!-- Practice.DataProviderTestNG -->
